#
# A fatal error has been detected by the Java Runtime Environment:
#
#  EXCEPTION_ACCESS_VIOLATION (0xc0000005) at pc=0x00000000716d21f8, pid=15984, tid=0x0000000000003c44
#
# JRE version: Java(TM) SE Runtime Environment (8.0_221-b11) (build 1.8.0_221-b11)
# Java VM: Java HotSpot(TM) 64-Bit Server VM (25.221-b11 mixed mode windows-amd64 compressed oops)
# Problematic frame:
# V  [jvm.dll+0x4721f8]
#
# Failed to write core dump. Minidumps are not enabled by default on client versions of Windows
#
# If you would like to submit a bug report, please visit:
#   http://bugreport.java.com/bugreport/crash.jsp
#

---------------  T H R E A D  ---------------

Current thread (0x0000000017813000):  JavaThread "C2 CompilerThread0" daemon [_thread_in_native, id=15428, stack(0x0000000019250000,0x0000000019350000)]

siginfo: ExceptionCode=0xc0000005, reading address 0x000000201ad3b5b8

Registers:
RAX=0x000000201ad3b590, RBX=0x000000001e92f330, RCX=0x000000000000000f, RDX=0x0000000000008000
RSP=0x000000001934dbe0, RBP=0x000000001e92f390, RSI=0x000000001934e8a0, RDI=0x000000001934ddf0
R8 =0x00000000000001bc, R9 =0x0000000000000000, R10=0x0000000000000000, R11=0x0000000000000001
R12=0x000000001a2983b0, R13=0x000000000000243e, R14=0x0000000000000000, R15=0x00000000000121f0
RIP=0x00000000716d21f8, EFLAGS=0x0000000000010297

Top of Stack: (sp=0x000000001934dbe0)
0x000000001934dbe0:   000000001b974e60 000000001934e8a0
0x000000001934dbf0:   000000001934e8a0 0000000071771886
0x000000001934dc00:   000000001934e8a0 0000000000058220
0x000000001934dc10:   000000001934dde0 000000001dbf1270
0x000000001934dc20:   000000001934de40 00000000717725fe
0x000000001934dc30:   000000001934dd30 0000000071847878
0x000000001934dc40:   0000000017796420 000000001934dd30
0x000000001934dc50:   000000001dbf9258 00000000716da612
0x000000001934dc60:   0000000017796420 000000001934dd60
0x000000001934dc70:   000000001dbf5730 000000001dbf1270
0x000000001934dc80:   0000000000000000 000000001934f0b0
0x000000001934dc90:   000000000000001c 000000001bba0b40
0x000000001934dca0:   000000001934f240 000000001934f258
0x000000001934dcb0:   0000000017815080 0000000000000004
0x000000001934dcc0:   0000000000000001 00000000718df500
0x000000001934dcd0:   0000000000000002 00000000712615d6 

Instructions: (pc=0x00000000716d21f8)
0x00000000716d21d8:   8b d6 45 85 db 7e 65 4d 8b ce 66 66 66 66 66 66
0x00000000716d21e8:   0f 1f 84 00 00 00 00 00 48 8b 6b 10 49 8b 04 29
0x00000000716d21f8:   8b 48 28 8b c1 c1 e8 05 3b 47 30 73 19 44 8b c0
0x00000000716d2208:   48 8b 47 38 83 e1 1f 42 8b 04 80 ba 01 00 00 00 


Register to memory mapping:

RAX=0x000000201ad3b590 is an unknown value
RBX=0x000000001e92f330 is an unknown value
RCX=0x000000000000000f is an unknown value
RDX=0x0000000000008000 is an unknown value
RSP=0x000000001934dbe0 is pointing into the stack for thread: 0x0000000017813000
RBP=0x000000001e92f390 is an unknown value
RSI=0x000000001934e8a0 is pointing into the stack for thread: 0x0000000017813000
RDI=0x000000001934ddf0 is pointing into the stack for thread: 0x0000000017813000
R8 =0x00000000000001bc is an unknown value
R9 =0x0000000000000000 is an unknown value
R10=0x0000000000000000 is an unknown value
R11=0x0000000000000001 is an unknown value
R12=0x000000001a2983b0 is an unknown value
R13=0x000000000000243e is an unknown value
R14=0x0000000000000000 is an unknown value
R15=0x00000000000121f0 is an unknown value


Stack: [0x0000000019250000,0x0000000019350000],  sp=0x000000001934dbe0,  free space=1014k
Native frames: (J=compiled Java code, j=interpreted, Vv=VM code, C=native code)
V  [jvm.dll+0x4721f8]
V  [jvm.dll+0x5125fe]
V  [jvm.dll+0x47a612]
V  [jvm.dll+0x45cfd2]
V  [jvm.dll+0xa6a62]
V  [jvm.dll+0xa73af]
V  [jvm.dll+0x24666f]
V  [jvm.dll+0x29fb8a]
C  [msvcr100.dll+0x21d9f]
C  [msvcr100.dll+0x21e3b]
C  [KERNEL32.DLL+0x17bd4]
C  [ntdll.dll+0x6ce71]


Current CompileTask:
C2:   8270 3697   !   4       org.springframework.core.annotation.AnnotationsScanner::processMethodHierarchy (286 bytes)


---------------  P R O C E S S  ---------------

Java Threads: ( => current thread )
  0x000000001e18c800 JavaThread "Druid-ConnectionPool-Destroy-1097380" daemon [_thread_blocked, id=15148, stack(0x000000001fc10000,0x000000001fd10000)]
  0x000000001d674000 JavaThread "Druid-ConnectionPool-Create-1097380" daemon [_thread_blocked, id=7896, stack(0x000000001e460000,0x000000001e560000)]
  0x000000001d4d7800 JavaThread "mysql-cj-abandoned-connection-cleanup" daemon [_thread_blocked, id=8280, stack(0x000000001d2f0000,0x000000001d3f0000)]
  0x0000000018be5000 JavaThread "Service Thread" daemon [_thread_blocked, id=14860, stack(0x0000000019550000,0x0000000019650000)]
  0x0000000018bdc000 JavaThread "C1 CompilerThread2" daemon [_thread_blocked, id=16200, stack(0x0000000019450000,0x0000000019550000)]
  0x0000000017814000 JavaThread "C2 CompilerThread1" daemon [_thread_in_native, id=3648, stack(0x0000000019350000,0x0000000019450000)]
=>0x0000000017813000 JavaThread "C2 CompilerThread0" daemon [_thread_in_native, id=15428, stack(0x0000000019250000,0x0000000019350000)]
  0x0000000017810800 JavaThread "Monitor Ctrl-Break" daemon [_thread_in_native, id=6644, stack(0x0000000019150000,0x0000000019250000)]
  0x00000000177f7800 JavaThread "Attach Listener" daemon [_thread_blocked, id=15332, stack(0x0000000019050000,0x0000000019150000)]
  0x00000000177e5800 JavaThread "Signal Dispatcher" daemon [_thread_blocked, id=15300, stack(0x0000000018f50000,0x0000000019050000)]
  0x0000000002c8a800 JavaThread "Finalizer" daemon [_thread_blocked, id=2288, stack(0x0000000018a50000,0x0000000018b50000)]
  0x00000000177ba000 JavaThread "Reference Handler" daemon [_thread_blocked, id=16008, stack(0x0000000018950000,0x0000000018a50000)]
  0x0000000002b97000 JavaThread "main" [_thread_in_vm, id=16120, stack(0x0000000002870000,0x0000000002970000)]

Other Threads:
  0x0000000017797000 VMThread [stack: 0x0000000018850000,0x0000000018950000] [id=4740]
  0x0000000018c52000 WatcherThread [stack: 0x0000000019650000,0x0000000019750000] [id=14352]

VM state:not at safepoint (normal execution)

VM Mutex/Monitor currently owned by a thread: None

heap address: 0x0000000081a00000, size: 2022 MB, Compressed Oops mode: 32-bit
Narrow klass base: 0x0000000000000000, Narrow klass shift: 3
Compressed class space size: 1073741824 Address: 0x0000000100000000

Heap:
 PSYoungGen      total 202752K, used 164545K [0x00000000d5e00000, 0x00000000e4c80000, 0x0000000100000000)
  eden space 191488K, 85% used [0x00000000d5e00000,0x00000000dfeb07e0,0x00000000e1900000)
  from space 11264K, 0% used [0x00000000e2400000,0x00000000e2400000,0x00000000e2f00000)
  to   space 11264K, 0% used [0x00000000e1900000,0x00000000e1900000,0x00000000e2400000)
 ParOldGen       total 74240K, used 13055K [0x0000000081a00000, 0x0000000086280000, 0x00000000d5e00000)
  object space 74240K, 17% used [0x0000000081a00000,0x00000000826bfff8,0x0000000086280000)
 Metaspace       used 40716K, capacity 43296K, committed 43568K, reserved 1087488K
  class space    used 5221K, capacity 5639K, committed 5680K, reserved 1048576K

Card table byte_map: [0x0000000012050000,0x0000000012450000] byte_map_base: 0x0000000011c43000

Marking Bits: (ParMarkBitMap*) 0x0000000071a85ce0
 Begin Bits: [0x0000000012b00000, 0x0000000014a98000)
 End Bits:   [0x0000000014a98000, 0x0000000016a30000)

Polling page: 0x0000000000bf0000

CodeCache: size=245760Kb used=13512Kb max_used=13512Kb free=232247Kb
 bounds [0x0000000002c90000, 0x00000000039d0000, 0x0000000011c90000]
 total_blobs=4187 nmethods=3719 adapters=380
 compilation: enabled

Compilation events (10 events):
Event: 8.190 Thread 0x0000000018bdc000 3746       3       org.springframework.beans.factory.annotation.InjectionMetadata$1::inject (1 bytes)
Event: 8.190 Thread 0x0000000018bdc000 nmethod 3746 0x0000000003997650 code [0x00000000039977a0, 0x00000000039978f0]
Event: 8.191 Thread 0x0000000018bdc000 3747       1       org.springframework.context.annotation.CommonAnnotationBeanPostProcessor::postProcessAfterInstantiation (2 bytes)
Event: 8.192 Thread 0x0000000018bdc000 nmethod 3747 0x0000000003997390 code [0x00000000039974e0, 0x00000000039975f0]
Event: 8.195 Thread 0x0000000018bdc000 3748       3       org.springframework.boot.context.properties.source.SpringConfigurationPropertySource::containsDescendantOf (61 bytes)
Event: 8.196 Thread 0x0000000018bdc000 nmethod 3748 0x00000000039b5e50 code [0x00000000039b60a0, 0x00000000039b71e8]
Event: 8.196 Thread 0x0000000018bdc000 3749       3       org.springframework.boot.context.properties.bind.BindConverter::convert (30 bytes)
Event: 8.196 Thread 0x0000000018bdc000 nmethod 3749 0x0000000003996a90 code [0x0000000003996c40, 0x0000000003997168]
Event: 8.196 Thread 0x0000000018bdc000 3750       3       org.springframework.aop.framework.autoproxy.AbstractAutoProxyCreator::getCacheKey (42 bytes)
Event: 8.197 Thread 0x0000000018bdc000 nmethod 3750 0x00000000039b7650 code [0x00000000039b7840, 0x00000000039b82f8]

GC Heap History (10 events):
Event: 3.626 GC heap before
{Heap before GC invocations=6 (full 1):
 PSYoungGen      total 71680K, used 5115K [0x00000000d5e00000, 0x00000000df200000, 0x0000000100000000)
  eden space 66560K, 0% used [0x00000000d5e00000,0x00000000d5e00000,0x00000000d9f00000)
  from space 5120K, 99% used [0x00000000d9f00000,0x00000000da3fec58,0x00000000da400000)
  to   space 9216K, 0% used [0x00000000de900000,0x00000000de900000,0x00000000df200000)
 ParOldGen       total 87552K, used 5243K [0x0000000081a00000, 0x0000000086f80000, 0x00000000d5e00000)
  object space 87552K, 5% used [0x0000000081a00000,0x0000000081f1ef68,0x0000000086f80000)
 Metaspace       used 19951K, capacity 21240K, committed 21296K, reserved 1067008K
  class space    used 2585K, capacity 2836K, committed 2864K, reserved 1048576K
Event: 3.672 GC heap after
Heap after GC invocations=6 (full 1):
 PSYoungGen      total 71680K, used 0K [0x00000000d5e00000, 0x00000000df200000, 0x0000000100000000)
  eden space 66560K, 0% used [0x00000000d5e00000,0x00000000d5e00000,0x00000000d9f00000)
  from space 5120K, 0% used [0x00000000d9f00000,0x00000000d9f00000,0x00000000da400000)
  to   space 9216K, 0% used [0x00000000de900000,0x00000000de900000,0x00000000df200000)
 ParOldGen       total 50176K, used 5262K [0x0000000081a00000, 0x0000000084b00000, 0x00000000d5e00000)
  object space 50176K, 10% used [0x0000000081a00000,0x0000000081f23938,0x0000000084b00000)
 Metaspace       used 19951K, capacity 21240K, committed 21296K, reserved 1067008K
  class space    used 2585K, capacity 2836K, committed 2864K, reserved 1048576K
}
Event: 4.656 GC heap before
{Heap before GC invocations=7 (full 1):
 PSYoungGen      total 71680K, used 66560K [0x00000000d5e00000, 0x00000000df200000, 0x0000000100000000)
  eden space 66560K, 100% used [0x00000000d5e00000,0x00000000d9f00000,0x00000000d9f00000)
  from space 5120K, 0% used [0x00000000d9f00000,0x00000000d9f00000,0x00000000da400000)
  to   space 9216K, 0% used [0x00000000de900000,0x00000000de900000,0x00000000df200000)
 ParOldGen       total 50176K, used 5262K [0x0000000081a00000, 0x0000000084b00000, 0x00000000d5e00000)
  object space 50176K, 10% used [0x0000000081a00000,0x0000000081f23938,0x0000000084b00000)
 Metaspace       used 24304K, capacity 25754K, committed 26032K, reserved 1071104K
  class space    used 3133K, capacity 3403K, committed 3504K, reserved 1048576K
Event: 4.666 GC heap after
Heap after GC invocations=7 (full 1):
 PSYoungGen      total 121344K, used 6759K [0x00000000d5e00000, 0x00000000df000000, 0x0000000100000000)
  eden space 114176K, 0% used [0x00000000d5e00000,0x00000000d5e00000,0x00000000dcd80000)
  from space 7168K, 94% used [0x00000000de900000,0x00000000def99f98,0x00000000df000000)
  to   space 9216K, 0% used [0x00000000dde00000,0x00000000dde00000,0x00000000de700000)
 ParOldGen       total 50176K, used 5270K [0x0000000081a00000, 0x0000000084b00000, 0x00000000d5e00000)
  object space 50176K, 10% used [0x0000000081a00000,0x0000000081f25938,0x0000000084b00000)
 Metaspace       used 24304K, capacity 25754K, committed 26032K, reserved 1071104K
  class space    used 3133K, capacity 3403K, committed 3504K, reserved 1048576K
}
Event: 6.174 GC heap before
{Heap before GC invocations=8 (full 1):
 PSYoungGen      total 121344K, used 120935K [0x00000000d5e00000, 0x00000000df000000, 0x0000000100000000)
  eden space 114176K, 100% used [0x00000000d5e00000,0x00000000dcd80000,0x00000000dcd80000)
  from space 7168K, 94% used [0x00000000de900000,0x00000000def99f98,0x00000000df000000)
  to   space 9216K, 0% used [0x00000000dde00000,0x00000000dde00000,0x00000000de700000)
 ParOldGen       total 50176K, used 5270K [0x0000000081a00000, 0x0000000084b00000, 0x00000000d5e00000)
  object space 50176K, 10% used [0x0000000081a00000,0x0000000081f25938,0x0000000084b00000)
 Metaspace       used 30978K, capacity 32724K, committed 33072K, reserved 1077248K
  class space    used 3952K, capacity 4287K, committed 4400K, reserved 1048576K
Event: 6.191 GC heap after
Heap after GC invocations=8 (full 1):
 PSYoungGen      total 140288K, used 9215K [0x00000000d5e00000, 0x00000000e2f00000, 0x0000000100000000)
  eden space 131072K, 0% used [0x00000000d5e00000,0x00000000d5e00000,0x00000000dde00000)
  from space 9216K, 99% used [0x00000000dde00000,0x00000000de6ffd88,0x00000000de700000)
  to   space 11264K, 0% used [0x00000000e2400000,0x00000000e2400000,0x00000000e2f00000)
 ParOldGen       total 50176K, used 7734K [0x0000000081a00000, 0x0000000084b00000, 0x00000000d5e00000)
  object space 50176K, 15% used [0x0000000081a00000,0x000000008218db20,0x0000000084b00000)
 Metaspace       used 30978K, capacity 32724K, committed 33072K, reserved 1077248K
  class space    used 3952K, capacity 4287K, committed 4400K, reserved 1048576K
}
Event: 6.461 GC heap before
{Heap before GC invocations=9 (full 1):
 PSYoungGen      total 140288K, used 30726K [0x00000000d5e00000, 0x00000000e2f00000, 0x0000000100000000)
  eden space 131072K, 16% used [0x00000000d5e00000,0x00000000d7301ca8,0x00000000dde00000)
  from space 9216K, 99% used [0x00000000dde00000,0x00000000de6ffd88,0x00000000de700000)
  to   space 11264K, 0% used [0x00000000e2400000,0x00000000e2400000,0x00000000e2f00000)
 ParOldGen       total 50176K, used 7734K [0x0000000081a00000, 0x0000000084b00000, 0x00000000d5e00000)
  object space 50176K, 15% used [0x0000000081a00000,0x000000008218db20,0x0000000084b00000)
 Metaspace       used 33476K, capacity 35276K, committed 35496K, reserved 1081344K
  class space    used 4232K, capacity 4581K, committed 4656K, reserved 1048576K
Event: 6.471 GC heap after
Heap after GC invocations=9 (full 1):
 PSYoungGen      total 202752K, used 8249K [0x00000000d5e00000, 0x00000000e4c80000, 0x0000000100000000)
  eden space 191488K, 0% used [0x00000000d5e00000,0x00000000d5e00000,0x00000000e1900000)
  from space 11264K, 73% used [0x00000000e2400000,0x00000000e2c0e6a8,0x00000000e2f00000)
  to   space 11264K, 0% used [0x00000000e1900000,0x00000000e1900000,0x00000000e2400000)
 ParOldGen       total 50176K, used 7742K [0x0000000081a00000, 0x0000000084b00000, 0x00000000d5e00000)
  object space 50176K, 15% used [0x0000000081a00000,0x000000008218fb20,0x0000000084b00000)
 Metaspace       used 33476K, capacity 35276K, committed 35496K, reserved 1081344K
  class space    used 4232K, capacity 4581K, committed 4656K, reserved 1048576K
}
Event: 6.471 GC heap before
{Heap before GC invocations=10 (full 2):
 PSYoungGen      total 202752K, used 8249K [0x00000000d5e00000, 0x00000000e4c80000, 0x0000000100000000)
  eden space 191488K, 0% used [0x00000000d5e00000,0x00000000d5e00000,0x00000000e1900000)
  from space 11264K, 73% used [0x00000000e2400000,0x00000000e2c0e6a8,0x00000000e2f00000)
  to   space 11264K, 0% used [0x00000000e1900000,0x00000000e1900000,0x00000000e2400000)
 ParOldGen       total 50176K, used 7742K [0x0000000081a00000, 0x0000000084b00000, 0x00000000d5e00000)
  object space 50176K, 15% used [0x0000000081a00000,0x000000008218fb20,0x0000000084b00000)
 Metaspace       used 33476K, capacity 35276K, committed 35496K, reserved 1081344K
  class space    used 4232K, capacity 4581K, committed 4656K, reserved 1048576K
Event: 6.534 GC heap after
Heap after GC invocations=10 (full 2):
 PSYoungGen      total 202752K, used 0K [0x00000000d5e00000, 0x00000000e4c80000, 0x0000000100000000)
  eden space 191488K, 0% used [0x00000000d5e00000,0x00000000d5e00000,0x00000000e1900000)
  from space 11264K, 0% used [0x00000000e2400000,0x00000000e2400000,0x00000000e2f00000)
  to   space 11264K, 0% used [0x00000000e1900000,0x00000000e1900000,0x00000000e2400000)
 ParOldGen       total 74240K, used 13055K [0x0000000081a00000, 0x0000000086280000, 0x00000000d5e00000)
  object space 74240K, 17% used [0x0000000081a00000,0x00000000826bfff8,0x0000000086280000)
 Metaspace       used 33476K, capacity 35276K, committed 35496K, reserved 1081344K
  class space    used 4232K, capacity 4581K, committed 4656K, reserved 1048576K
}

Deoptimization events (10 events):
Event: 6.738 Thread 0x000000001d674000 Uncommon trap: reason=unstable_if action=reinterpret pc=0x000000000303e4c4 method=sun.nio.cs.UTF_8$Decoder.decode([BII[C)I @ 30
Event: 6.895 Thread 0x0000000002b97000 Uncommon trap: reason=unstable_if action=reinterpret pc=0x0000000003615cf0 method=java.util.concurrent.ConcurrentHashMap.get(Ljava/lang/Object;)Ljava/lang/Object; @ 152
Event: 6.896 Thread 0x0000000002b97000 Uncommon trap: reason=unstable_if action=reinterpret pc=0x000000000369f2b8 method=org.springframework.beans.factory.support.AbstractBeanFactory.isTypeMatch(Ljava/lang/String;Lorg/springframework/core/ResolvableType;Z)Z @ 581
Event: 6.928 Thread 0x0000000002b97000 Uncommon trap: reason=unstable_if action=reinterpret pc=0x00000000036430b8 method=org.springframework.beans.factory.support.DefaultSingletonBeanRegistry.getSingleton(Ljava/lang/String;Z)Ljava/lang/Object; @ 47
Event: 7.036 Thread 0x0000000002b97000 Uncommon trap: reason=unstable_if action=reinterpret pc=0x00000000036970e4 method=java.util.concurrent.ConcurrentHashMap.putVal(Ljava/lang/Object;Ljava/lang/Object;Z)Ljava/lang/Object; @ 331
Event: 7.127 Thread 0x0000000002b97000 Uncommon trap: reason=unstable_if action=reinterpret pc=0x000000000376ca6c method=java.util.Properties$LineReader.readLine()I @ 200
Event: 7.127 Thread 0x0000000002b97000 Uncommon trap: reason=unstable_if action=reinterpret pc=0x00000000032e9b70 method=java.util.Properties$LineReader.readLine()I @ 252
Event: 7.582 Thread 0x0000000002b97000 Uncommon trap: reason=range_check action=make_not_entrant pc=0x000000000372d7ac method=java.util.zip.ZipUtils.get16([BI)I @ 10
Event: 7.668 Thread 0x0000000002b97000 Uncommon trap: reason=unstable_if action=reinterpret pc=0x00000000031764fc method=java.util.concurrent.ConcurrentHashMap.transfer([Ljava/util/concurrent/ConcurrentHashMap$Node;[Ljava/util/concurrent/ConcurrentHashMap$Node;)V @ 356
Event: 7.669 Thread 0x0000000002b97000 Uncommon trap: reason=unstable_if action=reinterpret pc=0x000000000316bbc0 method=java.util.concurrent.ConcurrentHashMap.transfer([Ljava/util/concurrent/ConcurrentHashMap$Node;[Ljava/util/concurrent/ConcurrentHashMap$Node;)V @ 356

Classes redefined (0 events):
No events

Internal exceptions (10 events):
Event: 8.180 Thread 0x0000000002b97000 Exception <a 'java/lang/ClassNotFoundException': java/lang/ObjectCustomizer> (0x00000000df3faf10) thrown at [C:\re\workspace\8-2-build-windows-amd64-cygwin\jdk8u221\13320\hotspot\src\share\vm\classfile\systemDictionary.cpp, line 210]
Event: 8.181 Thread 0x0000000002b97000 Exception <a 'java/lang/ClassNotFoundException': org/springframework/boot/autoconfigure/http/JacksonHttpMessageConvertersConfigurationCustomizer> (0x00000000df42a8e8) thrown at [C:\re\workspace\8-2-build-windows-amd64-cygwin\jdk8u221\13320\hotspot\src\sha
Event: 8.185 Thread 0x0000000002b97000 Exception <a 'java/lang/ClassNotFoundException': java/lang/ObjectCustomizer> (0x00000000df465788) thrown at [C:\re\workspace\8-2-build-windows-amd64-cygwin\jdk8u221\13320\hotspot\src\share\vm\classfile\systemDictionary.cpp, line 210]
Event: 8.185 Thread 0x0000000002b97000 Exception <a 'java/lang/ClassNotFoundException': org/springframework/boot/autoconfigure/info/ProjectInfoPropertiesCustomizer> (0x00000000df48e598) thrown at [C:\re\workspace\8-2-build-windows-amd64-cygwin\jdk8u221\13320\hotspot\src\share\vm\classfile\syst
Event: 8.187 Thread 0x0000000002b97000 Exception <a 'java/lang/ClassNotFoundException': java/lang/ObjectCustomizer> (0x00000000df4aaf58) thrown at [C:\re\workspace\8-2-build-windows-amd64-cygwin\jdk8u221\13320\hotspot\src\share\vm\classfile\systemDictionary.cpp, line 210]
Event: 8.188 Thread 0x0000000002b97000 Exception <a 'java/lang/ClassNotFoundException': org/springframework/boot/autoconfigure/info/ProjectInfoAutoConfigurationCustomizer> (0x00000000df4d5560) thrown at [C:\re\workspace\8-2-build-windows-amd64-cygwin\jdk8u221\13320\hotspot\src\share\vm\classfi
Event: 8.189 Thread 0x0000000002b97000 Exception <a 'java/lang/ClassNotFoundException': java/lang/ObjectCustomizer> (0x00000000df4e58d0) thrown at [C:\re\workspace\8-2-build-windows-amd64-cygwin\jdk8u221\13320\hotspot\src\share\vm\classfile\systemDictionary.cpp, line 210]
Event: 8.190 Thread 0x0000000002b97000 Exception <a 'java/lang/ClassNotFoundException': org/springframework/boot/autoconfigure/jdbc/JdbcTemplateConfigurationCustomizer> (0x00000000df50f718) thrown at [C:\re\workspace\8-2-build-windows-amd64-cygwin\jdk8u221\13320\hotspot\src\share\vm\classfile\
Event: 8.192 Thread 0x0000000002b97000 Exception <a 'java/lang/ClassNotFoundException': java/lang/ObjectCustomizer> (0x00000000df51fad0) thrown at [C:\re\workspace\8-2-build-windows-amd64-cygwin\jdk8u221\13320\hotspot\src\share\vm\classfile\systemDictionary.cpp, line 210]
Event: 8.193 Thread 0x0000000002b97000 Exception <a 'java/lang/ClassNotFoundException': org/springframework/boot/autoconfigure/jdbc/JdbcPropertiesCustomizer> (0x00000000df545af8) thrown at [C:\re\workspace\8-2-build-windows-amd64-cygwin\jdk8u221\13320\hotspot\src\share\vm\classfile\systemDicti

Events (10 events):
Event: 8.198 loading class org/springframework/jdbc/core/PreparedStatementCallback
Event: 8.198 loading class org/springframework/jdbc/core/PreparedStatementCallback done
Event: 8.198 loading class org/springframework/jdbc/core/PreparedStatementSetter
Event: 8.198 loading class org/springframework/jdbc/core/PreparedStatementSetter done
Event: 8.199 loading class org/springframework/jdbc/core/ResultSetSupportingSqlParameter
Event: 8.199 loading class org/springframework/jdbc/core/ResultSetSupportingSqlParameter done
Event: 8.199 loading class org/springframework/jdbc/core/SqlParameter
Event: 8.199 loading class org/springframework/jdbc/core/SqlParameter done
Event: 8.200 loading class org/springframework/jdbc/core/SqlOutParameter
Event: 8.200 loading class org/springframework/jdbc/core/SqlOutParameter done


Dynamic libraries:
0x00007ff776670000 - 0x00007ff7766a7000 	D:\Java\jdk1.8.0_221\bin\java.exe
0x00007fff5d440000 - 0x00007fff5d630000 	C:\Windows\SYSTEM32\ntdll.dll
0x00007fff5d160000 - 0x00007fff5d212000 	C:\Windows\System32\KERNEL32.DLL
0x00007fff5af30000 - 0x00007fff5b1d3000 	C:\Windows\System32\KERNELBASE.dll
0x00007fff5d230000 - 0x00007fff5d2d3000 	C:\Windows\System32\ADVAPI32.dll
0x00007fff5bca0000 - 0x00007fff5bd3e000 	C:\Windows\System32\msvcrt.dll
0x00007fff5b6b0000 - 0x00007fff5b747000 	C:\Windows\System32\sechost.dll
0x00007fff5c4f0000 - 0x00007fff5c610000 	C:\Windows\System32\RPCRT4.dll
0x00007fff5c760000 - 0x00007fff5c8f3000 	C:\Windows\System32\USER32.dll
0x00007fff5aea0000 - 0x00007fff5aec1000 	C:\Windows\System32\win32u.dll
0x00007fff5bba0000 - 0x00007fff5bbc6000 	C:\Windows\System32\GDI32.dll
0x00007fff5a3e0000 - 0x00007fff5a574000 	C:\Windows\System32\gdi32full.dll
0x00007fff5ae00000 - 0x00007fff5ae9e000 	C:\Windows\System32\msvcp_win.dll
0x00007fff5b380000 - 0x00007fff5b47a000 	C:\Windows\System32\ucrtbase.dll
0x00007fff59ac0000 - 0x00007fff59d45000 	C:\Windows\WinSxS\amd64_microsoft.windows.common-controls_6595b64144ccf1df_6.0.18362.239_none_e6c7aebd130c7608\COMCTL32.dll
0x00007fff5b750000 - 0x00007fff5ba86000 	C:\Windows\System32\combase.dll
0x00007fff5b480000 - 0x00007fff5b500000 	C:\Windows\System32\bcryptPrimitives.dll
0x00007fff5d130000 - 0x00007fff5d15e000 	C:\Windows\System32\IMM32.DLL
0x00007fff42520000 - 0x00007fff42550000 	C:\Program Files (x86)\DSOC\common\core\DGCore64.dll
0x00007fff5bb40000 - 0x00007fff5bb92000 	C:\Windows\System32\SHLWAPI.dll
0x00007fff424f0000 - 0x00007fff42518000 	C:\Program Files (x86)\DSOC\common\core\PublicLog64.dll
0x00007fff5bd40000 - 0x00007fff5c420000 	C:\Windows\System32\SHELL32.dll
0x00007fff5b330000 - 0x00007fff5b37a000 	C:\Windows\System32\cfgmgr32.dll
0x00007fff5cf40000 - 0x00007fff5cfe9000 	C:\Windows\System32\shcore.dll
0x00007fff5a650000 - 0x00007fff5adcb000 	C:\Windows\System32\windows.storage.dll
0x00007fff5a3a0000 - 0x00007fff5a3bf000 	C:\Windows\System32\profapi.dll
0x00007fff5a350000 - 0x00007fff5a39a000 	C:\Windows\System32\powrprof.dll
0x00007fff5a320000 - 0x00007fff5a330000 	C:\Windows\System32\UMPDC.dll
0x00007fff5a3c0000 - 0x00007fff5a3d1000 	C:\Windows\System32\kernel.appcore.dll
0x00007fff5a630000 - 0x00007fff5a647000 	C:\Windows\System32\cryptsp.dll
0x00007fff41040000 - 0x00007fff41092000 	C:\Program Files (x86)\DSOC\common\core\DGComDll64.dll
0x00007fff5cd70000 - 0x00007fff5cddf000 	C:\Windows\System32\WS2_32.dll
0x00007fff59270000 - 0x00007fff592aa000 	C:\Windows\SYSTEM32\IPHLPAPI.DLL
0x00007fff48910000 - 0x00007fff4891a000 	C:\Windows\SYSTEM32\VERSION.dll
0x00007fff40ff0000 - 0x00007fff41032000 	C:\Program Files (x86)\DSOC\common\core\ConfigDll64.dll
0x00007fff5cde0000 - 0x00007fff5cf36000 	C:\Windows\System32\ole32.dll
0x00007fff40d40000 - 0x00007fff40fef000 	C:\Program Files (x86)\DSOC\common\core\kernelrep.dll
0x00007fff5c610000 - 0x00007fff5c618000 	C:\Windows\System32\PSAPI.DLL
0x00007fff424c0000 - 0x00007fff424e7000 	C:\Program Files (x86)\DSOC\common\core\DGSocket64.dll
0x00007fff42470000 - 0x00007fff4249c000 	C:\Program Files (x86)\DSOC\common\core\DGMoreOpen64.dll
0x00007fff40d10000 - 0x00007fff40d36000 	C:\Program Files (x86)\DSOC\common\core\AntiEmbedded64.dll
0x00007fff40ce0000 - 0x00007fff40d06000 	C:\Program Files (x86)\DSOC\common\core\AntiClipboard64.dll
0x00007fff40cb0000 - 0x00007fff40cdd000 	C:\Program Files (x86)\DSOC\common\core\AntiCrack64.dll
0x0000000072220000 - 0x00000000722f2000 	D:\Java\jdk1.8.0_221\jre\bin\msvcr100.dll
0x0000000071260000 - 0x0000000071b05000 	D:\Java\jdk1.8.0_221\jre\bin\server\jvm.dll
0x00007fff586b0000 - 0x00007fff586b9000 	C:\Windows\SYSTEM32\WSOCK32.dll
0x00007fff57b60000 - 0x00007fff57b84000 	C:\Windows\SYSTEM32\WINMM.dll
0x00007fff57b30000 - 0x00007fff57b5d000 	C:\Windows\SYSTEM32\WINMMBASE.dll
0x00007fff4f610000 - 0x00007fff4f61f000 	D:\Java\jdk1.8.0_221\jre\bin\verify.dll
0x00007fff4b090000 - 0x00007fff4b0b9000 	D:\Java\jdk1.8.0_221\jre\bin\java.dll
0x00007fff45fc0000 - 0x00007fff45fe3000 	D:\Java\jdk1.8.0_221\jre\bin\instrument.dll
0x00007fff4f5f0000 - 0x00007fff4f606000 	D:\Java\jdk1.8.0_221\jre\bin\zip.dll
0x00007fff4adb0000 - 0x00007fff4adca000 	D:\IntelliJ IDEA 2020.1\bin\breakgen64.dll
0x00007fff46aa0000 - 0x00007fff46aba000 	D:\Java\jdk1.8.0_221\jre\bin\net.dll
0x00007fff4d5e0000 - 0x00007fff4d7b6000 	C:\Windows\SYSTEM32\urlmon.dll
0x00007fff4d9c0000 - 0x00007fff4dc66000 	C:\Windows\SYSTEM32\iertutil.dll
0x00007fff596e0000 - 0x00007fff596ec000 	C:\Windows\SYSTEM32\CRYPTBASE.DLL
0x00007fff59510000 - 0x00007fff59577000 	C:\Windows\system32\mswsock.dll
0x00007fff44460000 - 0x00007fff44472000 	D:\Java\jdk1.8.0_221\jre\bin\nio.dll
0x00007fff4b080000 - 0x00007fff4b08d000 	D:\Java\jdk1.8.0_221\jre\bin\management.dll
0x00007fff43ca0000 - 0x00007fff43ccf000 	C:\Program Files (x86)\Sangfor\SSL\ClientComponent\SangforNspX64.dll
0x00007fff5bbd0000 - 0x00007fff5bc94000 	C:\Windows\System32\OLEAUT32.dll
0x00007fff3ace0000 - 0x00007fff3acf6000 	C:\Windows\system32\napinsp.dll
0x00007fff3ab50000 - 0x00007fff3ab6a000 	C:\Windows\system32\pnrpnsp.dll
0x00007fff592b0000 - 0x00007fff5937a000 	C:\Windows\SYSTEM32\DNSAPI.dll
0x00007fff5d220000 - 0x00007fff5d228000 	C:\Windows\System32\NSI.dll
0x00007fff3ab40000 - 0x00007fff3ab4e000 	C:\Windows\System32\winrnr.dll
0x00007fff56450000 - 0x00007fff5646c000 	C:\Windows\system32\NLAapi.dll
0x00007fff54ee0000 - 0x00007fff54ef5000 	C:\Windows\system32\wshbth.dll
0x00007fff45bc0000 - 0x00007fff45bca000 	C:\Windows\System32\rasadhlp.dll
0x00007fff4d7c0000 - 0x00007fff4d837000 	C:\Windows\System32\fwpuclnt.dll
0x00007fff5add0000 - 0x00007fff5adf6000 	C:\Windows\System32\bcrypt.dll
0x00007fff59e40000 - 0x00007fff5a034000 	C:\Windows\SYSTEM32\dbghelp.dll

VM Arguments:
jvm_args: -ea -Didea.test.cyclic.buffer.size=1048576 -javaagent:D:\IntelliJ IDEA 2020.1\lib\idea_rt.jar=55742:D:\IntelliJ IDEA 2020.1\bin -Dfile.encoding=UTF-8 
java_command: com.intellij.rt.junit.JUnitStarter -ideVersion5 -junit5 com.lxf.sharding.ShardingApplicationTests,testInsert
java_class_path (initial): D:\IntelliJ IDEA 2020.1\lib\idea_rt.jar;C:\Users\user\.m2\repository\org\junit\platform\junit-platform-launcher\1.6.2\junit-platform-launcher-1.6.2.jar;D:\IntelliJ IDEA 2020.1\plugins\junit\lib\junit5-rt.jar;D:\IntelliJ IDEA 2020.1\plugins\junit\lib\junit-rt.jar;D:\Java\jdk1.8.0_221\jre\lib\charsets.jar;D:\Java\jdk1.8.0_221\jre\lib\deploy.jar;D:\Java\jdk1.8.0_221\jre\lib\ext\access-bridge-64.jar;D:\Java\jdk1.8.0_221\jre\lib\ext\cldrdata.jar;D:\Java\jdk1.8.0_221\jre\lib\ext\dnsns.jar;D:\Java\jdk1.8.0_221\jre\lib\ext\jaccess.jar;D:\Java\jdk1.8.0_221\jre\lib\ext\jfxrt.jar;D:\Java\jdk1.8.0_221\jre\lib\ext\localedata.jar;D:\Java\jdk1.8.0_221\jre\lib\ext\nashorn.jar;D:\Java\jdk1.8.0_221\jre\lib\ext\sunec.jar;D:\Java\jdk1.8.0_221\jre\lib\ext\sunjce_provider.jar;D:\Java\jdk1.8.0_221\jre\lib\ext\sunmscapi.jar;D:\Java\jdk1.8.0_221\jre\lib\ext\sunpkcs11.jar;D:\Java\jdk1.8.0_221\jre\lib\ext\zipfs.jar;D:\Java\jdk1.8.0_221\jre\lib\javaws.jar;D:\Java\jdk1.8.0_221\jre\lib\jce.jar;D:\Java\jdk1.8.0_221\jre\lib\jfr.jar;D:\Java\jdk1.8.0_221\jre\lib\jfxswt.jar;D:\Java\jdk1.8.0_221\jre\lib\jsse.jar;D:\Java\jdk1.8.0_221\jre\lib\management-agent.jar;D:\Java\jdk1.8.0_221\jre\lib\plugin.jar;D:\Java\jdk1.8.0_221\jre\lib\resources.jar;D:\Java\jdk1.8.0_221\jre\lib\rt.jar;D:\work\sharding\target\test-classes;D:\work\sharding\target\classes;C:\Users\user\.m2\repository\org\springframework\boot\spring-boot-starter-web\2.3.2.RELEASE\spring-boot-starter-web-2.3.2.RELEASE.jar;C:\Users\user\.m2\repository\org\springframework\boot\spring-boot-starter\2.3.2.RELEASE\spring-boot-starter-2.3.2.RELEASE.jar;C:\Users\user\.m2\repository\org\springframework\boot\spring-boot\2.3.2.RELEASE\spring-boot-2.3.2.RELEASE.jar;C:\Users\user\.m2\repository\org\springframework\boot\spring-boot-starter-logging\2.3.2.RELEASE\spring-boot-starter-logging-2.3.2.RELEASE.jar;C:\Users\user\.m2\repository\ch\qos\logback\logback-classic\1.2.3\logback-classic-1.2.3.jar;C:\Users\user\.m2\repository\ch\qos
Launcher Type: SUN_STANDARD

Environment Variables:
PATH=C:\Program Files (x86)\Common Files\Oracle\Java\javapath;C:\Windows\system32;C:\Windows;C:\Windows\System32\Wbem;C:\Windows\System32\WindowsPowerShell\v1.0\;C:\Windows\System32\OpenSSH\;D:\work\git\Git\cmd;C:\Users\user\AppData\Local\Microsoft\WindowsApps;
USERNAME=user
OS=Windows_NT
PROCESSOR_IDENTIFIER=Intel64 Family 6 Model 78 Stepping 3, GenuineIntel



---------------  S Y S T E M  ---------------

OS: Windows 10.0 , 64 bit Build 18362 (10.0.18362.86)

CPU:total 4 (initial active 4) (2 cores per cpu, 2 threads per core) family 6 model 78 stepping 3, cmov, cx8, fxsr, mmx, sse, sse2, sse3, ssse3, sse4.1, sse4.2, popcnt, avx, avx2, aes, clmul, erms, 3dnowpref, lzcnt, ht, tsc, tscinvbit, bmi1, bmi2, adx

Memory: 4k page, physical 8278528k(3625772k free), swap 16667136k(8828908k free)

vm_info: Java HotSpot(TM) 64-Bit Server VM (25.221-b11) for windows-amd64 JRE (1.8.0_221-b11), built on Jul  4 2019 04:39:29 by "java_re" with MS VC++ 10.0 (VS2010)

time: Thu Jul 30 20:53:13 2020
timezone: 中国标准时间
elapsed time: 8 seconds (0d 0h 0m 8s)

