#
# A fatal error has been detected by the Java Runtime Environment:
#
#  EXCEPTION_ACCESS_VIOLATION (0xc0000005) at pc=0x0000000071705b40, pid=13528, tid=0x0000000000003908
#
# JRE version: Java(TM) SE Runtime Environment (8.0_221-b11) (build 1.8.0_221-b11)
# Java VM: Java HotSpot(TM) 64-Bit Server VM (25.221-b11 mixed mode windows-amd64 compressed oops)
# Problematic frame:
# V  [jvm.dll+0x4a5b40]
#
# Failed to write core dump. Minidumps are not enabled by default on client versions of Windows
#
# If you would like to submit a bug report, please visit:
#   http://bugreport.java.com/bugreport/crash.jsp
#

---------------  T H R E A D  ---------------

Current thread (0x0000000019b14800):  JavaThread "C2 CompilerThread1" daemon [_thread_in_native, id=14600, stack(0x000000001a2d0000,0x000000001a3d0000)]

siginfo: ExceptionCode=0xc0000005, reading address 0x0000002071a86420

Registers:
RAX=0x0000000000000000, RBX=0x000000001e89edd0, RCX=0x0000002071a86420, RDX=0x0000000000000000
RSP=0x000000001a3cbde0, RBP=0x000000000000000b, RSI=0x0000000000000058, RDI=0x000000001a3cbe30
R8 =0x000000001e89f0f0, R9 =0x000000001ef18e40, R10=0x0000000071260000, R11=0x000000001a3cbc00
R12=0x0000000071a86420, R13=0x0000000071260000, R14=0x0000000019b51b58, R15=0x00000000000003d8
RIP=0x0000000071705b40, EFLAGS=0x0000000000010246

Top of Stack: (sp=0x000000001a3cbde0)
0x000000001a3cbde0:   000000001a3ce5b0 000000001e893390
0x000000001a3cbdf0:   fffffffffffffff8 0000000019b02d40
0x000000001a3cbe00:   0000000000000c81 0000000071700c1f
0x000000001a3cbe10:   000000001e89edd0 000000001e89edd0
0x000000001a3cbe20:   0000000000000c81 000000001a3cbf10
0x000000001a3cbe30:   0000000000000000 0000000000000008
0x000000001a3cbe40:   0000002071a86420 0000000000000000
0x000000001a3cbe50:   0000000020344fc0 0000000000000066
0x000000001a3cbe60:   000000001e89f0f0 000000001a3cc200
0x000000001a3cbe70:   0000000019b51780 000000001a3cc200
0x000000001a3cbe80:   0000000019b51770 00000000716ccae1
0x000000001a3cbe90:   0000000000000000 000000001a3cbf90
0x000000001a3cbea0:   0000000000000000 000000000000000a
0x000000001a3cbeb0:   0000000000000006 0000000019b51770
0x000000001a3cbec0:   000000001ef14fd0 000000001ef18fa0
0x000000001a3cbed0:   000000001ef1cfb8 0000000002506100 

Instructions: (pc=0x0000000071705b40)
0x0000000071705b20:   48 8b 4f 20 48 39 04 0e 0f 84 9d 00 00 00 48 8b
0x0000000071705b30:   0c 0e 33 d2 33 c0 48 89 4f 10 66 0f 1f 44 00 00
0x0000000071705b40:   83 3c 08 00 0f 85 36 01 00 00 ff c2 48 83 c0 04
0x0000000071705b50:   83 fa 08 72 eb 48 8b 47 30 48 89 44 24 30 48 85 


Register to memory mapping:

RAX=0x0000000000000000 is an unknown value
RBX=0x000000001e89edd0 is an unknown value
RCX=0x0000002071a86420 is an unknown value
RDX=0x0000000000000000 is an unknown value
RSP=0x000000001a3cbde0 is pointing into the stack for thread: 0x0000000019b14800
RBP=0x000000000000000b is an unknown value
RSI=0x0000000000000058 is an unknown value
RDI=0x000000001a3cbe30 is pointing into the stack for thread: 0x0000000019b14800
R8 =0x000000001e89f0f0 is an unknown value
R9 =0x000000001ef18e40 is an unknown value
R10=0x0000000071260000 is an unknown value
R11=0x000000001a3cbc00 is pointing into the stack for thread: 0x0000000019b14800
R12=0x0000000071a86420 is an unknown value
R13=0x0000000071260000 is an unknown value
R14=0x0000000019b51b58 is an unknown value
R15=0x00000000000003d8 is an unknown value


Stack: [0x000000001a2d0000,0x000000001a3d0000],  sp=0x000000001a3cbde0,  free space=1007k
Native frames: (J=compiled Java code, j=interpreted, Vv=VM code, C=native code)
V  [jvm.dll+0x4a5b40]
V  [jvm.dll+0x4a0c1f]
V  [jvm.dll+0x46cae1]
V  [jvm.dll+0x477e4b]
V  [jvm.dll+0x47a757]
V  [jvm.dll+0x45cfd2]
V  [jvm.dll+0xa6a62]
V  [jvm.dll+0xa73af]
V  [jvm.dll+0x24666f]
V  [jvm.dll+0x29fb8a]
C  [msvcr100.dll+0x21d9f]
C  [msvcr100.dll+0x21e3b]
C  [KERNEL32.DLL+0x17bd4]
C  [ntdll.dll+0x6ce71]


Current CompileTask:
C2:   6501 1983       4       java.net.URLClassLoader$1::run (5 bytes)


---------------  P R O C E S S  ---------------

Java Threads: ( => current thread )
  0x0000000019b97800 JavaThread "Service Thread" daemon [_thread_blocked, id=1136, stack(0x000000001a4d0000,0x000000001a5d0000)]
  0x0000000019b1a800 JavaThread "C1 CompilerThread2" daemon [_thread_in_vm, id=15728, stack(0x000000001a3d0000,0x000000001a4d0000)]
=>0x0000000019b14800 JavaThread "C2 CompilerThread1" daemon [_thread_in_native, id=14600, stack(0x000000001a2d0000,0x000000001a3d0000)]
  0x0000000019b13800 JavaThread "C2 CompilerThread0" daemon [_thread_in_native, id=2448, stack(0x000000001a1d0000,0x000000001a2d0000)]
  0x0000000017db1800 JavaThread "JDWP Command Reader" daemon [_thread_in_native, id=13592, stack(0x00000000198d0000,0x00000000199d0000)]
  0x0000000017dae000 JavaThread "JDWP Event Helper Thread" daemon [_thread_in_native, id=15388, stack(0x00000000197d0000,0x00000000198d0000)]
  0x0000000017da2000 JavaThread "JDWP Transport Listener: dt_socket" daemon [_thread_blocked, id=1668, stack(0x00000000196d0000,0x00000000197d0000)]
  0x0000000017d98000 JavaThread "Attach Listener" daemon [_thread_blocked, id=13624, stack(0x00000000195d0000,0x00000000196d0000)]
  0x0000000019113800 JavaThread "Signal Dispatcher" daemon [_thread_blocked, id=15956, stack(0x00000000194d0000,0x00000000195d0000)]
  0x000000000306d000 JavaThread "Finalizer" daemon [_thread_blocked, id=2484, stack(0x0000000018fd0000,0x00000000190d0000)]
  0x0000000017d5a800 JavaThread "Reference Handler" daemon [_thread_blocked, id=11624, stack(0x0000000018ed0000,0x0000000018fd0000)]
  0x0000000002f77800 JavaThread "main" [_thread_in_Java, id=5484, stack(0x0000000002e70000,0x0000000002f70000)]

Other Threads:
  0x0000000017d37800 VMThread [stack: 0x0000000018dd0000,0x0000000018ed0000] [id=15144]
  0x0000000019c3d800 WatcherThread [stack: 0x000000001a5d0000,0x000000001a6d0000] [id=5760]

VM state:not at safepoint (normal execution)

VM Mutex/Monitor currently owned by a thread: None

heap address: 0x0000000081a00000, size: 2022 MB, Compressed Oops mode: 32-bit
Narrow klass base: 0x0000000000000000, Narrow klass shift: 3
Compressed class space size: 1073741824 Address: 0x0000000100000000

Heap:
 PSYoungGen      total 70656K, used 62507K [0x00000000d5e00000, 0x00000000dbc80000, 0x0000000100000000)
  eden space 61952K, 93% used [0x00000000d5e00000,0x00000000d9644eb0,0x00000000d9a80000)
  from space 8704K, 56% used [0x00000000d9a80000,0x00000000d9f46100,0x00000000da300000)
  to   space 8192K, 0% used [0x00000000db480000,0x00000000db480000,0x00000000dbc80000)
 ParOldGen       total 56320K, used 6429K [0x0000000081a00000, 0x0000000085100000, 0x00000000d5e00000)
  object space 56320K, 11% used [0x0000000081a00000,0x0000000082047680,0x0000000085100000)
 Metaspace       used 27812K, capacity 29550K, committed 29872K, reserved 1075200K
  class space    used 3563K, capacity 3891K, committed 4016K, reserved 1048576K

Card table byte_map: [0x00000000125f0000,0x00000000129f0000] byte_map_base: 0x00000000121e3000

Marking Bits: (ParMarkBitMap*) 0x0000000071a85ce0
 Begin Bits: [0x00000000130a0000, 0x0000000015038000)
 End Bits:   [0x0000000015038000, 0x0000000016fd0000)

Polling page: 0x0000000002ca0000

CodeCache: size=245760Kb used=9725Kb max_used=9725Kb free=236034Kb
 bounds [0x0000000003230000, 0x0000000003bc0000, 0x0000000012230000]
 total_blobs=3115 nmethods=2725 adapters=310
 compilation: enabled

Compilation events (10 events):
Event: 6.420 Thread 0x0000000019b1a800 nmethod 2704 0x0000000003b9da10 code [0x0000000003b9db60, 0x0000000003b9dd10]
Event: 6.420 Thread 0x0000000019b1a800 2705       3       java.beans.FeatureDescriptor::setName (6 bytes)
Event: 6.420 Thread 0x0000000019b1a800 nmethod 2705 0x0000000003b9ddd0 code [0x0000000003b9df20, 0x0000000003b9e090]
Event: 6.420 Thread 0x0000000019b1a800 2703       1       java.util.TreeMap::access$100 (5 bytes)
Event: 6.420 Thread 0x0000000019b1a800 nmethod 2703 0x0000000003b9e110 code [0x0000000003b9e260, 0x0000000003b9e350]
Event: 6.420 Thread 0x0000000019b1a800 2702       3       java.lang.reflect.Executable::getGenericExceptionTypes (27 bytes)
Event: 6.421 Thread 0x0000000019b1a800 nmethod 2702 0x0000000003b9e3d0 code [0x0000000003b9e560, 0x0000000003b9ea38]
Event: 6.421 Thread 0x0000000019b1a800 2706       3       java.lang.Class::getGenericInterfaces (21 bytes)
Event: 6.421 Thread 0x0000000019b1a800 nmethod 2706 0x0000000003b9eb90 code [0x0000000003b9ed20, 0x0000000003b9f008]
Event: 6.421 Thread 0x0000000019b1a800 2708       3       org.springframework.core.ResolvableType::getInterfaces (68 bytes)

GC Heap History (10 events):
Event: 4.069 GC heap before
{Heap before GC invocations=4 (full 0):
 PSYoungGen      total 38400K, used 38379K [0x00000000d5e00000, 0x00000000d8880000, 0x0000000100000000)
  eden space 33280K, 100% used [0x00000000d5e00000,0x00000000d7e80000,0x00000000d7e80000)
  from space 5120K, 99% used [0x00000000d7e80000,0x00000000d837ada0,0x00000000d8380000)
  to   space 5120K, 0% used [0x00000000d8380000,0x00000000d8380000,0x00000000d8880000)
 ParOldGen       total 87552K, used 563K [0x0000000081a00000, 0x0000000086f80000, 0x00000000d5e00000)
  object space 87552K, 0% used [0x0000000081a00000,0x0000000081a8cd18,0x0000000086f80000)
 Metaspace       used 18155K, capacity 19492K, committed 19840K, reserved 1067008K
  class space    used 2312K, capacity 2568K, committed 2688K, reserved 1048576K
Event: 4.080 GC heap after
Heap after GC invocations=4 (full 0):
 PSYoungGen      total 38400K, used 5109K [0x00000000d5e00000, 0x00000000da900000, 0x0000000100000000)
  eden space 33280K, 0% used [0x00000000d5e00000,0x00000000d5e00000,0x00000000d7e80000)
  from space 5120K, 99% used [0x00000000d8380000,0x00000000d887d680,0x00000000d8880000)
  to   space 5120K, 0% used [0x00000000d7e80000,0x00000000d7e80000,0x00000000d8380000)
 ParOldGen       total 87552K, used 2817K [0x0000000081a00000, 0x0000000086f80000, 0x00000000d5e00000)
  object space 87552K, 3% used [0x0000000081a00000,0x0000000081cc05e8,0x0000000086f80000)
 Metaspace       used 18155K, capacity 19492K, committed 19840K, reserved 1067008K
  class space    used 2312K, capacity 2568K, committed 2688K, reserved 1048576K
}
Event: 4.409 GC heap before
{Heap before GC invocations=5 (full 0):
 PSYoungGen      total 38400K, used 25166K [0x00000000d5e00000, 0x00000000da900000, 0x0000000100000000)
  eden space 33280K, 60% used [0x00000000d5e00000,0x00000000d7196270,0x00000000d7e80000)
  from space 5120K, 99% used [0x00000000d8380000,0x00000000d887d680,0x00000000d8880000)
  to   space 5120K, 0% used [0x00000000d7e80000,0x00000000d7e80000,0x00000000d8380000)
 ParOldGen       total 87552K, used 2817K [0x0000000081a00000, 0x0000000086f80000, 0x00000000d5e00000)
  object space 87552K, 3% used [0x0000000081a00000,0x0000000081cc05e8,0x0000000086f80000)
 Metaspace       used 19945K, capacity 21248K, committed 21296K, reserved 1067008K
  class space    used 2570K, capacity 2818K, committed 2864K, reserved 1048576K
Event: 4.423 GC heap after
Heap after GC invocations=5 (full 0):
 PSYoungGen      total 38400K, used 5091K [0x00000000d5e00000, 0x00000000db000000, 0x0000000100000000)
  eden space 33280K, 0% used [0x00000000d5e00000,0x00000000d5e00000,0x00000000d7e80000)
  from space 5120K, 99% used [0x00000000d7e80000,0x00000000d8378e58,0x00000000d8380000)
  to   space 8704K, 0% used [0x00000000da780000,0x00000000da780000,0x00000000db000000)
 ParOldGen       total 87552K, used 4318K [0x0000000081a00000, 0x0000000086f80000, 0x00000000d5e00000)
  object space 87552K, 4% used [0x0000000081a00000,0x0000000081e37bf8,0x0000000086f80000)
 Metaspace       used 19945K, capacity 21248K, committed 21296K, reserved 1067008K
  class space    used 2570K, capacity 2818K, committed 2864K, reserved 1048576K
}
Event: 4.423 GC heap before
{Heap before GC invocations=6 (full 1):
 PSYoungGen      total 38400K, used 5091K [0x00000000d5e00000, 0x00000000db000000, 0x0000000100000000)
  eden space 33280K, 0% used [0x00000000d5e00000,0x00000000d5e00000,0x00000000d7e80000)
  from space 5120K, 99% used [0x00000000d7e80000,0x00000000d8378e58,0x00000000d8380000)
  to   space 8704K, 0% used [0x00000000da780000,0x00000000da780000,0x00000000db000000)
 ParOldGen       total 87552K, used 4318K [0x0000000081a00000, 0x0000000086f80000, 0x00000000d5e00000)
  object space 87552K, 4% used [0x0000000081a00000,0x0000000081e37bf8,0x0000000086f80000)
 Metaspace       used 19945K, capacity 21248K, committed 21296K, reserved 1067008K
  class space    used 2570K, capacity 2818K, committed 2864K, reserved 1048576K
Event: 4.478 GC heap after
Heap after GC invocations=6 (full 1):
 PSYoungGen      total 38400K, used 0K [0x00000000d5e00000, 0x00000000db000000, 0x0000000100000000)
  eden space 33280K, 0% used [0x00000000d5e00000,0x00000000d5e00000,0x00000000d7e80000)
  from space 5120K, 0% used [0x00000000d7e80000,0x00000000d7e80000,0x00000000d8380000)
  to   space 8704K, 0% used [0x00000000da780000,0x00000000da780000,0x00000000db000000)
 ParOldGen       total 56320K, used 6413K [0x0000000081a00000, 0x0000000085100000, 0x00000000d5e00000)
  object space 56320K, 11% used [0x0000000081a00000,0x0000000082043680,0x0000000085100000)
 Metaspace       used 19945K, capacity 21248K, committed 21296K, reserved 1067008K
  class space    used 2570K, capacity 2818K, committed 2864K, reserved 1048576K
}
Event: 4.995 GC heap before
{Heap before GC invocations=7 (full 1):
 PSYoungGen      total 38400K, used 33280K [0x00000000d5e00000, 0x00000000db000000, 0x0000000100000000)
  eden space 33280K, 100% used [0x00000000d5e00000,0x00000000d7e80000,0x00000000d7e80000)
  from space 5120K, 0% used [0x00000000d7e80000,0x00000000d7e80000,0x00000000d8380000)
  to   space 8704K, 0% used [0x00000000da780000,0x00000000da780000,0x00000000db000000)
 ParOldGen       total 56320K, used 6413K [0x0000000081a00000, 0x0000000085100000, 0x00000000d5e00000)
  object space 56320K, 11% used [0x0000000081a00000,0x0000000082043680,0x0000000085100000)
 Metaspace       used 22900K, capacity 24336K, committed 24496K, reserved 1071104K
  class space    used 2954K, capacity 3238K, committed 3248K, reserved 1048576K
Event: 5.000 GC heap after
Heap after GC invocations=7 (full 1):
 PSYoungGen      total 56320K, used 3709K [0x00000000d5e00000, 0x00000000dab80000, 0x0000000100000000)
  eden space 52224K, 0% used [0x00000000d5e00000,0x00000000d5e00000,0x00000000d9100000)
  from space 4096K, 90% used [0x00000000da780000,0x00000000dab1f4c0,0x00000000dab80000)
  to   space 8704K, 0% used [0x00000000d9a80000,0x00000000d9a80000,0x00000000da300000)
 ParOldGen       total 56320K, used 6421K [0x0000000081a00000, 0x0000000085100000, 0x00000000d5e00000)
  object space 56320K, 11% used [0x0000000081a00000,0x0000000082045680,0x0000000085100000)
 Metaspace       used 22900K, capacity 24336K, committed 24496K, reserved 1071104K
  class space    used 2954K, capacity 3238K, committed 3248K, reserved 1048576K
}
Event: 5.594 GC heap before
{Heap before GC invocations=8 (full 1):
 PSYoungGen      total 56320K, used 55933K [0x00000000d5e00000, 0x00000000dab80000, 0x0000000100000000)
  eden space 52224K, 100% used [0x00000000d5e00000,0x00000000d9100000,0x00000000d9100000)
  from space 4096K, 90% used [0x00000000da780000,0x00000000dab1f4c0,0x00000000dab80000)
  to   space 8704K, 0% used [0x00000000d9a80000,0x00000000d9a80000,0x00000000da300000)
 ParOldGen       total 56320K, used 6421K [0x0000000081a00000, 0x0000000085100000, 0x00000000d5e00000)
  object space 56320K, 11% used [0x0000000081a00000,0x0000000082045680,0x0000000085100000)
 Metaspace       used 24610K, capacity 26198K, committed 26288K, reserved 1073152K
  class space    used 3141K, capacity 3443K, committed 3504K, reserved 1048576K
Event: 5.600 GC heap after
Heap after GC invocations=8 (full 1):
 PSYoungGen      total 70656K, used 4888K [0x00000000d5e00000, 0x00000000dbc80000, 0x0000000100000000)
  eden space 61952K, 0% used [0x00000000d5e00000,0x00000000d5e00000,0x00000000d9a80000)
  from space 8704K, 56% used [0x00000000d9a80000,0x00000000d9f46100,0x00000000da300000)
  to   space 8192K, 0% used [0x00000000db480000,0x00000000db480000,0x00000000dbc80000)
 ParOldGen       total 56320K, used 6429K [0x0000000081a00000, 0x0000000085100000, 0x00000000d5e00000)
  object space 56320K, 11% used [0x0000000081a00000,0x0000000082047680,0x0000000085100000)
 Metaspace       used 24610K, capacity 26198K, committed 26288K, reserved 1073152K
  class space    used 3141K, capacity 3443K, committed 3504K, reserved 1048576K
}

Deoptimization events (10 events):
Event: 6.021 Thread 0x0000000002f77800 Uncommon trap: reason=array_check action=maybe_recompile pc=0x0000000003af9e78 method=java.util.AbstractCollection.toArray([Ljava/lang/Object;)[Ljava/lang/Object; @ 119
Event: 6.029 Thread 0x0000000002f77800 Uncommon trap: reason=array_check action=maybe_recompile pc=0x0000000003af9e78 method=java.util.AbstractCollection.toArray([Ljava/lang/Object;)[Ljava/lang/Object; @ 119
Event: 6.056 Thread 0x0000000002f77800 Uncommon trap: reason=unstable_if action=reinterpret pc=0x0000000003abaff4 method=org.springframework.beans.factory.support.AbstractBeanFactory.isFactoryBean(Ljava/lang/String;Lorg/springframework/beans/factory/support/RootBeanDefinition;)Z @ 38
Event: 6.139 Thread 0x0000000002f77800 Uncommon trap: reason=unstable_if action=reinterpret pc=0x00000000036fa510 method=sun.instrument.TransformerManager.transform(Ljava/lang/ClassLoader;Ljava/lang/String;Ljava/lang/Class;Ljava/security/ProtectionDomain;[B)[B @ 64
Event: 6.279 Thread 0x0000000002f77800 Uncommon trap: reason=unstable_if action=reinterpret pc=0x0000000003b10a74 method=org.springframework.beans.factory.support.AbstractAutowireCapableBeanFactory.predictBeanType(Ljava/lang/String;Lorg/springframework/beans/factory/support/RootBeanDefinition;
Event: 6.299 Thread 0x0000000002f77800 Uncommon trap: reason=class_check action=maybe_recompile pc=0x00000000038484b8 method=java.lang.reflect.Method.equals(Ljava/lang/Object;)Z @ 5
Event: 6.300 Thread 0x0000000002f77800 Uncommon trap: reason=unstable_if action=reinterpret pc=0x00000000039d7adc method=org.springframework.util.ConcurrentReferenceHashMap$Segment.findInChain(Lorg/springframework/util/ConcurrentReferenceHashMap$Reference;Ljava/lang/Object;I)Lorg/springframewo
Event: 6.340 Thread 0x0000000002f77800 Uncommon trap: reason=unstable_if action=reinterpret pc=0x0000000003b0e498 method=org.springframework.beans.factory.support.AbstractAutowireCapableBeanFactory.predictBeanType(Ljava/lang/String;Lorg/springframework/beans/factory/support/RootBeanDefinition;
Event: 6.401 Thread 0x0000000002f77800 Uncommon trap: reason=unstable_if action=reinterpret pc=0x00000000037707a0 method=java.util.concurrent.ConcurrentHashMap.get(Ljava/lang/Object;)Ljava/lang/Object; @ 76
Event: 6.404 Thread 0x0000000002f77800 Uncommon trap: reason=unstable_if action=reinterpret pc=0x000000000361eb84 method=jdk.internal.org.objectweb.asm.Item.isEqualTo(Ljdk/internal/org/objectweb/asm/Item;)Z @ 331

Classes redefined (0 events):
No events

Internal exceptions (10 events):
Event: 6.383 Thread 0x0000000002f77800 Exception <a 'java/lang/ClassNotFoundException': java/lang/ObjectCustomizer> (0x00000000d8e2bec8) thrown at [C:\re\workspace\8-2-build-windows-amd64-cygwin\jdk8u221\13320\hotspot\src\share\vm\classfile\systemDictionary.cpp, line 210]
Event: 6.384 Thread 0x0000000002f77800 Exception <a 'java/lang/ClassNotFoundException': org/springframework/boot/autoconfigure/jdbc/DataSourceInitializerPostProcessorCustomizer> (0x00000000d8e59748) thrown at [C:\re\workspace\8-2-build-windows-amd64-cygwin\jdk8u221\13320\hotspot\src\share\vm\c
Event: 6.386 Thread 0x0000000002f77800 Exception <a 'java/lang/ClassNotFoundException': org/springframework/beans/factory/config/BeanPostProcessorCustomizer> (0x00000000d8e81490) thrown at [C:\re\workspace\8-2-build-windows-amd64-cygwin\jdk8u221\13320\hotspot\src\share\vm\classfile\systemDicti
Event: 6.386 Thread 0x0000000002f77800 Exception <a 'java/lang/ClassNotFoundException': org/springframework/core/OrderedCustomizer> (0x00000000d8e9b758) thrown at [C:\re\workspace\8-2-build-windows-amd64-cygwin\jdk8u221\13320\hotspot\src\share\vm\classfile\systemDictionary.cpp, line 210]
Event: 6.413 Thread 0x0000000002f77800 Exception <a 'java/lang/ClassNotFoundException': java/lang/ObjectCustomizer> (0x00000000d8f71250) thrown at [C:\re\workspace\8-2-build-windows-amd64-cygwin\jdk8u221\13320\hotspot\src\share\vm\classfile\systemDictionary.cpp, line 210]
Event: 6.414 Thread 0x0000000002f77800 Exception <a 'java/lang/ClassNotFoundException': org/springframework/aop/framework/ProxyConfigCustomizer> (0x00000000d8f92968) thrown at [C:\re\workspace\8-2-build-windows-amd64-cygwin\jdk8u221\13320\hotspot\src\share\vm\classfile\systemDictionary.cpp, li
Event: 6.415 Thread 0x0000000002f77800 Exception <a 'java/lang/ClassNotFoundException': org/springframework/aop/framework/ProxyProcessorSupportCustomizer> (0x00000000d8fc0f88) thrown at [C:\re\workspace\8-2-build-windows-amd64-cygwin\jdk8u221\13320\hotspot\src\share\vm\classfile\systemDictiona
Event: 6.417 Thread 0x0000000002f77800 Exception <a 'java/lang/ClassNotFoundException': org/springframework/aop/framework/AbstractAdvisingBeanPostProcessorCustomizer> (0x00000000d8fed4f0) thrown at [C:\re\workspace\8-2-build-windows-amd64-cygwin\jdk8u221\13320\hotspot\src\share\vm\classfile\sy
Event: 6.418 Thread 0x0000000002f77800 Exception <a 'java/lang/ClassNotFoundException': org/springframework/aop/framework/autoproxy/AbstractBeanFactoryAwareAdvisingPostProcessorCustomizer> (0x00000000d9020498) thrown at [C:\re\workspace\8-2-build-windows-amd64-cygwin\jdk8u221\13320\hotspot\src
Event: 6.420 Thread 0x0000000002f77800 Exception <a 'java/lang/ClassNotFoundException': org/springframework/dao/annotation/PersistenceExceptionTranslationPostProcessorCustomizer> (0x00000000d904e700) thrown at [C:\re\workspace\8-2-build-windows-amd64-cygwin\jdk8u221\13320\hotspot\src\share\vm\

Events (10 events):
Event: 6.421 loading class org/springframework/beans/factory/BeanFactoryAwareCustomizer
Event: 6.421 loading class org/springframework/beans/factory/BeanFactoryAwareCustomizer done
Event: 6.422 Thread 0x0000000002f77800 DEOPT PACKING pc=0x0000000003439174 sp=0x0000000002f6b900
Event: 6.422 Thread 0x0000000002f77800 DEOPT UNPACKING pc=0x0000000003277890 sp=0x0000000002f6b678 mode 1
Event: 6.422 Thread 0x0000000002f77800 DEOPT PACKING pc=0x000000000343839c sp=0x0000000002f6b9b0
Event: 6.422 Thread 0x0000000002f77800 DEOPT UNPACKING pc=0x0000000003277890 sp=0x0000000002f6b6f0 mode 1
Event: 6.422 Thread 0x0000000002f77800 DEOPT PACKING pc=0x000000000350b7ac sp=0x0000000002f6c2e0
Event: 6.422 Thread 0x0000000002f77800 DEOPT UNPACKING pc=0x0000000003277890 sp=0x0000000002f6c058 mode 1
Event: 6.422 loading class org/springframework/beans/factory/BeanFactoryAwareCustomizer
Event: 6.422 loading class org/springframework/beans/factory/BeanFactoryAwareCustomizer done


Dynamic libraries:
0x00007ff776670000 - 0x00007ff7766a7000 	D:\Java\jdk1.8.0_221\bin\java.exe
0x00007fff5d440000 - 0x00007fff5d630000 	C:\Windows\SYSTEM32\ntdll.dll
0x00007fff5d160000 - 0x00007fff5d212000 	C:\Windows\System32\KERNEL32.DLL
0x00007fff5af30000 - 0x00007fff5b1d3000 	C:\Windows\System32\KERNELBASE.dll
0x00007fff5d230000 - 0x00007fff5d2d3000 	C:\Windows\System32\ADVAPI32.dll
0x00007fff5bca0000 - 0x00007fff5bd3e000 	C:\Windows\System32\msvcrt.dll
0x00007fff5b6b0000 - 0x00007fff5b747000 	C:\Windows\System32\sechost.dll
0x00007fff5c4f0000 - 0x00007fff5c610000 	C:\Windows\System32\RPCRT4.dll
0x00007fff5c760000 - 0x00007fff5c8f3000 	C:\Windows\System32\USER32.dll
0x00007fff5aea0000 - 0x00007fff5aec1000 	C:\Windows\System32\win32u.dll
0x00007fff5bba0000 - 0x00007fff5bbc6000 	C:\Windows\System32\GDI32.dll
0x00007fff5a3e0000 - 0x00007fff5a574000 	C:\Windows\System32\gdi32full.dll
0x00007fff5ae00000 - 0x00007fff5ae9e000 	C:\Windows\System32\msvcp_win.dll
0x00007fff5b380000 - 0x00007fff5b47a000 	C:\Windows\System32\ucrtbase.dll
0x00007fff59ac0000 - 0x00007fff59d45000 	C:\Windows\WinSxS\amd64_microsoft.windows.common-controls_6595b64144ccf1df_6.0.18362.239_none_e6c7aebd130c7608\COMCTL32.dll
0x00007fff5b750000 - 0x00007fff5ba86000 	C:\Windows\System32\combase.dll
0x00007fff5b480000 - 0x00007fff5b500000 	C:\Windows\System32\bcryptPrimitives.dll
0x00007fff5d130000 - 0x00007fff5d15e000 	C:\Windows\System32\IMM32.DLL
0x00007fff42520000 - 0x00007fff42550000 	C:\Program Files (x86)\DSOC\common\core\DGCore64.dll
0x00007fff5bb40000 - 0x00007fff5bb92000 	C:\Windows\System32\SHLWAPI.dll
0x00007fff424f0000 - 0x00007fff42518000 	C:\Program Files (x86)\DSOC\common\core\PublicLog64.dll
0x00007fff5bd40000 - 0x00007fff5c420000 	C:\Windows\System32\SHELL32.dll
0x00007fff5b330000 - 0x00007fff5b37a000 	C:\Windows\System32\cfgmgr32.dll
0x00007fff5cf40000 - 0x00007fff5cfe9000 	C:\Windows\System32\shcore.dll
0x00007fff5a650000 - 0x00007fff5adcb000 	C:\Windows\System32\windows.storage.dll
0x00007fff5a3a0000 - 0x00007fff5a3bf000 	C:\Windows\System32\profapi.dll
0x00007fff5a350000 - 0x00007fff5a39a000 	C:\Windows\System32\powrprof.dll
0x00007fff5a320000 - 0x00007fff5a330000 	C:\Windows\System32\UMPDC.dll
0x00007fff5a3c0000 - 0x00007fff5a3d1000 	C:\Windows\System32\kernel.appcore.dll
0x00007fff5a630000 - 0x00007fff5a647000 	C:\Windows\System32\cryptsp.dll
0x00007fff41040000 - 0x00007fff41092000 	C:\Program Files (x86)\DSOC\common\core\DGComDll64.dll
0x00007fff5cd70000 - 0x00007fff5cddf000 	C:\Windows\System32\WS2_32.dll
0x00007fff59270000 - 0x00007fff592aa000 	C:\Windows\SYSTEM32\IPHLPAPI.DLL
0x00007fff48910000 - 0x00007fff4891a000 	C:\Windows\SYSTEM32\VERSION.dll
0x00007fff40ff0000 - 0x00007fff41032000 	C:\Program Files (x86)\DSOC\common\core\ConfigDll64.dll
0x00007fff5cde0000 - 0x00007fff5cf36000 	C:\Windows\System32\ole32.dll
0x00007fff40d40000 - 0x00007fff40fef000 	C:\Program Files (x86)\DSOC\common\core\kernelrep.dll
0x00007fff5c610000 - 0x00007fff5c618000 	C:\Windows\System32\PSAPI.DLL
0x00007fff424c0000 - 0x00007fff424e7000 	C:\Program Files (x86)\DSOC\common\core\DGSocket64.dll
0x00007fff42470000 - 0x00007fff4249c000 	C:\Program Files (x86)\DSOC\common\core\DGMoreOpen64.dll
0x00007fff40d10000 - 0x00007fff40d36000 	C:\Program Files (x86)\DSOC\common\core\AntiEmbedded64.dll
0x00007fff40ce0000 - 0x00007fff40d06000 	C:\Program Files (x86)\DSOC\common\core\AntiClipboard64.dll
0x00007fff40cb0000 - 0x00007fff40cdd000 	C:\Program Files (x86)\DSOC\common\core\AntiCrack64.dll
0x0000000072220000 - 0x00000000722f2000 	D:\Java\jdk1.8.0_221\jre\bin\msvcr100.dll
0x0000000071260000 - 0x0000000071b05000 	D:\Java\jdk1.8.0_221\jre\bin\server\jvm.dll
0x00007fff586b0000 - 0x00007fff586b9000 	C:\Windows\SYSTEM32\WSOCK32.dll
0x00007fff57b60000 - 0x00007fff57b84000 	C:\Windows\SYSTEM32\WINMM.dll
0x00007fff57b30000 - 0x00007fff57b5d000 	C:\Windows\SYSTEM32\WINMMBASE.dll
0x00007fff4f610000 - 0x00007fff4f61f000 	D:\Java\jdk1.8.0_221\jre\bin\verify.dll
0x00007fff4b090000 - 0x00007fff4b0b9000 	D:\Java\jdk1.8.0_221\jre\bin\java.dll
0x00007fff45fb0000 - 0x00007fff45fe5000 	D:\Java\jdk1.8.0_221\jre\bin\jdwp.dll
0x00007fff4b080000 - 0x00007fff4b088000 	D:\Java\jdk1.8.0_221\jre\bin\npt.dll
0x00007fff41930000 - 0x00007fff41953000 	D:\Java\jdk1.8.0_221\jre\bin\instrument.dll
0x00007fff4f5f0000 - 0x00007fff4f606000 	D:\Java\jdk1.8.0_221\jre\bin\zip.dll
0x00007fff4adc0000 - 0x00007fff4adc9000 	D:\Java\jdk1.8.0_221\jre\bin\dt_socket.dll
0x00007fff59510000 - 0x00007fff59577000 	C:\Windows\system32\mswsock.dll
0x00007fff46aa0000 - 0x00007fff46aba000 	D:\Java\jdk1.8.0_221\jre\bin\net.dll
0x00007fff4d5e0000 - 0x00007fff4d7b6000 	C:\Windows\SYSTEM32\urlmon.dll
0x00007fff4d9c0000 - 0x00007fff4dc66000 	C:\Windows\SYSTEM32\iertutil.dll
0x00007fff596e0000 - 0x00007fff596ec000 	C:\Windows\SYSTEM32\CRYPTBASE.DLL
0x00007fff44460000 - 0x00007fff44472000 	D:\Java\jdk1.8.0_221\jre\bin\nio.dll
0x00007fff4adb0000 - 0x00007fff4adbd000 	D:\Java\jdk1.8.0_221\jre\bin\management.dll
0x00007fff43ca0000 - 0x00007fff43ccf000 	C:\Program Files (x86)\Sangfor\SSL\ClientComponent\SangforNspX64.dll
0x00007fff5bbd0000 - 0x00007fff5bc94000 	C:\Windows\System32\OLEAUT32.dll
0x00007fff3ace0000 - 0x00007fff3acf6000 	C:\Windows\system32\napinsp.dll
0x00007fff3ab50000 - 0x00007fff3ab6a000 	C:\Windows\system32\pnrpnsp.dll
0x00007fff592b0000 - 0x00007fff5937a000 	C:\Windows\SYSTEM32\DNSAPI.dll
0x00007fff5d220000 - 0x00007fff5d228000 	C:\Windows\System32\NSI.dll
0x00007fff3ab40000 - 0x00007fff3ab4e000 	C:\Windows\System32\winrnr.dll
0x00007fff56450000 - 0x00007fff5646c000 	C:\Windows\system32\NLAapi.dll
0x00007fff54ee0000 - 0x00007fff54ef5000 	C:\Windows\system32\wshbth.dll
0x00007fff45bc0000 - 0x00007fff45bca000 	C:\Windows\System32\rasadhlp.dll
0x00007fff4d7c0000 - 0x00007fff4d837000 	C:\Windows\System32\fwpuclnt.dll
0x00007fff5add0000 - 0x00007fff5adf6000 	C:\Windows\System32\bcrypt.dll
0x00007fff59e40000 - 0x00007fff5a034000 	C:\Windows\SYSTEM32\dbghelp.dll

VM Arguments:
jvm_args: -agentlib:jdwp=transport=dt_socket,address=127.0.0.1:55819,suspend=y,server=n -ea -Didea.test.cyclic.buffer.size=1048576 -javaagent:C:\Users\user\AppData\Local\JetBrains\IntelliJIdea2020.1\captureAgent\debugger-agent.jar -Dfile.encoding=UTF-8 
java_command: com.intellij.rt.junit.JUnitStarter -ideVersion5 -junit5 com.lxf.sharding.ShardingApplicationTests,testInsert
java_class_path (initial): D:\IntelliJ IDEA 2020.1\lib\idea_rt.jar;C:\Users\user\.m2\repository\org\junit\platform\junit-platform-launcher\1.6.2\junit-platform-launcher-1.6.2.jar;D:\IntelliJ IDEA 2020.1\plugins\junit\lib\junit5-rt.jar;D:\IntelliJ IDEA 2020.1\plugins\junit\lib\junit-rt.jar;D:\Java\jdk1.8.0_221\jre\lib\charsets.jar;D:\Java\jdk1.8.0_221\jre\lib\deploy.jar;D:\Java\jdk1.8.0_221\jre\lib\ext\access-bridge-64.jar;D:\Java\jdk1.8.0_221\jre\lib\ext\cldrdata.jar;D:\Java\jdk1.8.0_221\jre\lib\ext\dnsns.jar;D:\Java\jdk1.8.0_221\jre\lib\ext\jaccess.jar;D:\Java\jdk1.8.0_221\jre\lib\ext\jfxrt.jar;D:\Java\jdk1.8.0_221\jre\lib\ext\localedata.jar;D:\Java\jdk1.8.0_221\jre\lib\ext\nashorn.jar;D:\Java\jdk1.8.0_221\jre\lib\ext\sunec.jar;D:\Java\jdk1.8.0_221\jre\lib\ext\sunjce_provider.jar;D:\Java\jdk1.8.0_221\jre\lib\ext\sunmscapi.jar;D:\Java\jdk1.8.0_221\jre\lib\ext\sunpkcs11.jar;D:\Java\jdk1.8.0_221\jre\lib\ext\zipfs.jar;D:\Java\jdk1.8.0_221\jre\lib\javaws.jar;D:\Java\jdk1.8.0_221\jre\lib\jce.jar;D:\Java\jdk1.8.0_221\jre\lib\jfr.jar;D:\Java\jdk1.8.0_221\jre\lib\jfxswt.jar;D:\Java\jdk1.8.0_221\jre\lib\jsse.jar;D:\Java\jdk1.8.0_221\jre\lib\management-agent.jar;D:\Java\jdk1.8.0_221\jre\lib\plugin.jar;D:\Java\jdk1.8.0_221\jre\lib\resources.jar;D:\Java\jdk1.8.0_221\jre\lib\rt.jar;D:\work\sharding\target\test-classes;D:\work\sharding\target\classes;C:\Users\user\.m2\repository\org\springframework\boot\spring-boot-starter-web\2.3.2.RELEASE\spring-boot-starter-web-2.3.2.RELEASE.jar;C:\Users\user\.m2\repository\org\springframework\boot\spring-boot-starter\2.3.2.RELEASE\spring-boot-starter-2.3.2.RELEASE.jar;C:\Users\user\.m2\repository\org\springframework\boot\spring-boot\2.3.2.RELEASE\spring-boot-2.3.2.RELEASE.jar;C:\Users\user\.m2\repository\org\springframework\boot\spring-boot-starter-logging\2.3.2.RELEASE\spring-boot-starter-logging-2.3.2.RELEASE.jar;C:\Users\user\.m2\repository\ch\qos\logback\logback-classic\1.2.3\logback-classic-1.2.3.jar;C:\Users\user\.m2\repository\ch\qos
Launcher Type: SUN_STANDARD

Environment Variables:
PATH=C:\Program Files (x86)\Common Files\Oracle\Java\javapath;C:\Windows\system32;C:\Windows;C:\Windows\System32\Wbem;C:\Windows\System32\WindowsPowerShell\v1.0\;C:\Windows\System32\OpenSSH\;D:\work\git\Git\cmd;C:\Users\user\AppData\Local\Microsoft\WindowsApps;
USERNAME=user
OS=Windows_NT
PROCESSOR_IDENTIFIER=Intel64 Family 6 Model 78 Stepping 3, GenuineIntel



---------------  S Y S T E M  ---------------

OS: Windows 10.0 , 64 bit Build 18362 (10.0.18362.86)

CPU:total 4 (initial active 4) (2 cores per cpu, 2 threads per core) family 6 model 78 stepping 3, cmov, cx8, fxsr, mmx, sse, sse2, sse3, ssse3, sse4.1, sse4.2, popcnt, avx, avx2, aes, clmul, erms, 3dnowpref, lzcnt, ht, tsc, tscinvbit, bmi1, bmi2, adx

Memory: 4k page, physical 8278528k(3451076k free), swap 16667136k(8965000k free)

vm_info: Java HotSpot(TM) 64-Bit Server VM (25.221-b11) for windows-amd64 JRE (1.8.0_221-b11), built on Jul  4 2019 04:39:29 by "java_re" with MS VC++ 10.0 (VS2010)

time: Thu Jul 30 20:57:31 2020
timezone: 中国标准时间
elapsed time: 6 seconds (0d 0h 0m 6s)

